Build started 07/09/2014 23:17:50.
     1>Project "H:\workspace\FinalProject\tpsim Visual Studio sln\tpsim\tpsim.vcxproj" on node 2 (Build target(s)).
     1>ClCompile:
         C:\Program Files (x86)\Microsoft Visual Studio 11.0\VC\bin\CL.exe /c /Zi /nologo /W3 /WX- /sdl /O2 /Oi /Oy- /GL /D WIN32 /D NDEBUG /D _CONSOLE /D _UNICODE /D UNICODE /Gm- /EHsc /MD /GS /Gy /fp:precise /Zc:wchar_t /Zc:forScope /Yc"stdafx.h" /Fp"Release\tpsim.pch" /Fo"Release\\" /Fd"Release\vc110.pdb" /Gd /TP /analyze- /errorReport:prompt stdafx.cpp
         stdafx.cpp
         C:\Program Files (x86)\Microsoft Visual Studio 11.0\VC\bin\CL.exe /c /Zi /nologo /W3 /WX- /sdl /O2 /Oi /Oy- /GL /D WIN32 /D NDEBUG /D _CONSOLE /D _UNICODE /D UNICODE /Gm- /EHsc /MD /GS /Gy /fp:precise /Zc:wchar_t /Zc:forScope /Yu"stdafx.h" /Fp"Release\tpsim.pch" /Fo"Release\\" /Fd"Release\vc110.pdb" /Gd /TP /analyze- /errorReport:prompt ConfigFileReader.cpp Core.cpp FactoryMemModel.cpp FactoryProbDist.cpp FactoryTPStrategy.cpp MemModel.cpp MemModelDemo.cpp OS.cpp OutputResults.cpp ProbDist.cpp ProbDistBernoulli.cpp ProbDistConstant.cpp ProbDistNormal.cpp ProbDistPoisson.cpp Process.cpp SimProbabilities.cpp Thread.cpp tpsim.cpp TPStrategy.cpp TPStrategyDemo.cpp
         ConfigFileReader.cpp
     1>C:\Program Files (x86)\Microsoft Visual Studio 11.0\VC\include\memory(713): warning C4150: deletion of pointer to incomplete type 'MemModel'; no destructor called
                 h:\workspace\finalproject\tpsim visual studio sln\tpsim\ConfigFileReader.h(7) : see declaration of 'MemModel'
                 C:\Program Files (x86)\Microsoft Visual Studio 11.0\VC\include\memory(501) : see reference to function template instantiation 'void std::shared_ptr<_Ty>::_Resetp<_Ty>(_Ux *)' being compiled
                 with
                 [
                     _Ty=MemModel,
                     _Ux=MemModel
                 ]
                 C:\Program Files (x86)\Microsoft Visual Studio 11.0\VC\include\memory(501) : see reference to function template instantiation 'void std::shared_ptr<_Ty>::_Resetp<_Ty>(_Ux *)' being compiled
                 with
                 [
                     _Ty=MemModel,
                     _Ux=MemModel
                 ]
                 C:\Program Files (x86)\Microsoft Visual Studio 11.0\VC\include\memory(499) : while compiling class template member function 'std::shared_ptr<_Ty>::shared_ptr(std::nullptr_t)'
                 with
                 [
                     _Ty=MemModel
                 ]
                 ConfigFileReader.cpp(189) : see reference to function template instantiation 'std::shared_ptr<_Ty>::shared_ptr(std::nullptr_t)' being compiled
                 with
                 [
                     _Ty=MemModel
                 ]
                 ConfigFileReader.cpp(189) : see reference to class template instantiation 'std::shared_ptr<_Ty>' being compiled
                 with
                 [
                     _Ty=MemModel
                 ]
     1>C:\Program Files (x86)\Microsoft Visual Studio 11.0\VC\include\memory(713): warning C4150: deletion of pointer to incomplete type 'ProbDist'; no destructor called
                 h:\workspace\finalproject\tpsim visual studio sln\tpsim\ConfigFileReader.h(8) : see declaration of 'ProbDist'
                 C:\Program Files (x86)\Microsoft Visual Studio 11.0\VC\include\memory(501) : see reference to function template instantiation 'void std::shared_ptr<_Ty>::_Resetp<_Ty>(_Ux *)' being compiled
                 with
                 [
                     _Ty=ProbDist,
                     _Ux=ProbDist
                 ]
                 C:\Program Files (x86)\Microsoft Visual Studio 11.0\VC\include\memory(501) : see reference to function template instantiation 'void std::shared_ptr<_Ty>::_Resetp<_Ty>(_Ux *)' being compiled
                 with
                 [
                     _Ty=ProbDist,
                     _Ux=ProbDist
                 ]
                 C:\Program Files (x86)\Microsoft Visual Studio 11.0\VC\include\memory(499) : while compiling class template member function 'std::shared_ptr<_Ty>::shared_ptr(std::nullptr_t)'
                 with
                 [
                     _Ty=ProbDist
                 ]
                 ConfigFileReader.cpp(214) : see reference to function template instantiation 'std::shared_ptr<_Ty>::shared_ptr(std::nullptr_t)' being compiled
                 with
                 [
                     _Ty=ProbDist
                 ]
                 ConfigFileReader.cpp(214) : see reference to class template instantiation 'std::shared_ptr<_Ty>' being compiled
                 with
                 [
                     _Ty=ProbDist
                 ]
     1>C:\Program Files (x86)\Microsoft Visual Studio 11.0\VC\include\memory(713): warning C4150: deletion of pointer to incomplete type 'TPStrategy'; no destructor called
                 h:\workspace\finalproject\tpsim visual studio sln\tpsim\ConfigFileReader.h(10) : see declaration of 'TPStrategy'
                 C:\Program Files (x86)\Microsoft Visual Studio 11.0\VC\include\memory(501) : see reference to function template instantiation 'void std::shared_ptr<_Ty>::_Resetp<_Ty>(_Ux *)' being compiled
                 with
                 [
                     _Ty=TPStrategy,
                     _Ux=TPStrategy
                 ]
                 C:\Program Files (x86)\Microsoft Visual Studio 11.0\VC\include\memory(501) : see reference to function template instantiation 'void std::shared_ptr<_Ty>::_Resetp<_Ty>(_Ux *)' being compiled
                 with
                 [
                     _Ty=TPStrategy,
                     _Ux=TPStrategy
                 ]
                 C:\Program Files (x86)\Microsoft Visual Studio 11.0\VC\include\memory(499) : while compiling class template member function 'std::shared_ptr<_Ty>::shared_ptr(std::nullptr_t)'
                 with
                 [
                     _Ty=TPStrategy
                 ]
                 ConfigFileReader.cpp(240) : see reference to function template instantiation 'std::shared_ptr<_Ty>::shared_ptr(std::nullptr_t)' being compiled
                 with
                 [
                     _Ty=TPStrategy
                 ]
                 ConfigFileReader.cpp(240) : see reference to class template instantiation 'std::shared_ptr<_Ty>' being compiled
                 with
                 [
                     _Ty=TPStrategy
                 ]
     1>C:\Program Files (x86)\Microsoft Visual Studio 11.0\VC\include\memory(161): warning C4150: deletion of pointer to incomplete type 'MemModel'; no destructor called
                 h:\workspace\finalproject\tpsim visual studio sln\tpsim\ConfigFileReader.h(7) : see declaration of 'MemModel'
                 C:\Program Files (x86)\Microsoft Visual Studio 11.0\VC\include\memory(160) : while compiling class template member function 'void std::_Ref_count<_Ty>::_Destroy(void)'
                 with
                 [
                     _Ty=MemModel
                 ]
                 C:\Program Files (x86)\Microsoft Visual Studio 11.0\VC\include\memory(711) : see reference to class template instantiation 'std::_Ref_count<_Ty>' being compiled
                 with
                 [
                     _Ty=MemModel
                 ]
                 C:\Program Files (x86)\Microsoft Visual Studio 11.0\VC\include\memory(501) : see reference to function template instantiation 'void std::shared_ptr<_Ty>::_Resetp<_Ty>(_Ux *)' being compiled
                 with
                 [
                     _Ty=MemModel,
                     _Ux=MemModel
                 ]
                 C:\Program Files (x86)\Microsoft Visual Studio 11.0\VC\include\memory(501) : see reference to function template instantiation 'void std::shared_ptr<_Ty>::_Resetp<_Ty>(_Ux *)' being compiled
                 with
                 [
                     _Ty=MemModel,
                     _Ux=MemModel
                 ]
     1>C:\Program Files (x86)\Microsoft Visual Studio 11.0\VC\include\memory(161): warning C4150: deletion of pointer to incomplete type 'ProbDist'; no destructor called
                 h:\workspace\finalproject\tpsim visual studio sln\tpsim\ConfigFileReader.h(8) : see declaration of 'ProbDist'
                 C:\Program Files (x86)\Microsoft Visual Studio 11.0\VC\include\memory(160) : while compiling class template member function 'void std::_Ref_count<_Ty>::_Destroy(void)'
                 with
                 [
                     _Ty=ProbDist
                 ]
                 C:\Program Files (x86)\Microsoft Visual Studio 11.0\VC\include\memory(711) : see reference to class template instantiation 'std::_Ref_count<_Ty>' being compiled
                 with
                 [
                     _Ty=ProbDist
                 ]
                 C:\Program Files (x86)\Microsoft Visual Studio 11.0\VC\include\memory(501) : see reference to function template instantiation 'void std::shared_ptr<_Ty>::_Resetp<_Ty>(_Ux *)' being compiled
                 with
                 [
                     _Ty=ProbDist,
                     _Ux=ProbDist
                 ]
                 C:\Program Files (x86)\Microsoft Visual Studio 11.0\VC\include\memory(501) : see reference to function template instantiation 'void std::shared_ptr<_Ty>::_Resetp<_Ty>(_Ux *)' being compiled
                 with
                 [
                     _Ty=ProbDist,
                     _Ux=ProbDist
                 ]
     1>C:\Program Files (x86)\Microsoft Visual Studio 11.0\VC\include\memory(161): warning C4150: deletion of pointer to incomplete type 'TPStrategy'; no destructor called
                 h:\workspace\finalproject\tpsim visual studio sln\tpsim\ConfigFileReader.h(10) : see declaration of 'TPStrategy'
                 C:\Program Files (x86)\Microsoft Visual Studio 11.0\VC\include\memory(160) : while compiling class template member function 'void std::_Ref_count<_Ty>::_Destroy(void)'
                 with
                 [
                     _Ty=TPStrategy
                 ]
                 C:\Program Files (x86)\Microsoft Visual Studio 11.0\VC\include\memory(711) : see reference to class template instantiation 'std::_Ref_count<_Ty>' being compiled
                 with
                 [
                     _Ty=TPStrategy
                 ]
                 C:\Program Files (x86)\Microsoft Visual Studio 11.0\VC\include\memory(501) : see reference to function template instantiation 'void std::shared_ptr<_Ty>::_Resetp<_Ty>(_Ux *)' being compiled
                 with
                 [
                     _Ty=TPStrategy,
                     _Ux=TPStrategy
                 ]
                 C:\Program Files (x86)\Microsoft Visual Studio 11.0\VC\include\memory(501) : see reference to function template instantiation 'void std::shared_ptr<_Ty>::_Resetp<_Ty>(_Ux *)' being compiled
                 with
                 [
                     _Ty=TPStrategy,
                     _Ux=TPStrategy
                 ]
         Core.cpp
         FactoryMemModel.cpp
         FactoryProbDist.cpp
         FactoryTPStrategy.cpp
         MemModel.cpp
         MemModelDemo.cpp
         OS.cpp
     1>OS.cpp(58): warning C4018: '<' : signed/unsigned mismatch
         OutputResults.cpp
         ProbDist.cpp
         ProbDistBernoulli.cpp
         ProbDistConstant.cpp
         ProbDistNormal.cpp
         ProbDistPoisson.cpp
         Process.cpp
         SimProbabilities.cpp
         Thread.cpp
         tpsim.cpp
         TPStrategy.cpp
         TPStrategyDemo.cpp
     1>TPStrategyDemo.cpp(66): warning C4018: '>' : signed/unsigned mismatch
       Link:
         C:\Program Files (x86)\Microsoft Visual Studio 11.0\VC\bin\link.exe /ERRORREPORT:PROMPT /OUT:"H:\workspace\FinalProject\tpsim Visual Studio sln\Release\tpsim.exe" /INCREMENTAL:NO /NOLOGO kernel32.lib user32.lib gdi32.lib winspool.lib comdlg32.lib advapi32.lib shell32.lib ole32.lib oleaut32.lib uuid.lib odbc32.lib odbccp32.lib /MANIFEST /MANIFESTUAC:"level='asInvoker' uiAccess='false'" /manifest:embed /DEBUG /PDB:"H:\workspace\FinalProject\tpsim Visual Studio sln\Release\tpsim.pdb" /SUBSYSTEM:CONSOLE /OPT:REF /OPT:ICF /LTCG /TLBID:1 /DYNAMICBASE /NXCOMPAT /IMPLIB:"H:\workspace\FinalProject\tpsim Visual Studio sln\Release\tpsim.lib" /MACHINE:X86 /SAFESEH Release\ConfigFileReader.obj
         Release\Core.obj
         Release\FactoryMemModel.obj
         Release\FactoryProbDist.obj
         Release\FactoryTPStrategy.obj
         Release\MemModel.obj
         Release\MemModelDemo.obj
         Release\OS.obj
         Release\OutputResults.obj
         Release\ProbDist.obj
         Release\ProbDistBernoulli.obj
         Release\ProbDistConstant.obj
         Release\ProbDistNormal.obj
         Release\ProbDistPoisson.obj
         Release\Process.obj
         Release\SimProbabilities.obj
         Release\stdafx.obj
         Release\Thread.obj
         Release\tpsim.obj
         Release\TPStrategy.obj
         Release\TPStrategyDemo.obj
         Generating code
         Finished generating code
         tpsim.vcxproj -> H:\workspace\FinalProject\tpsim Visual Studio sln\Release\tpsim.exe
     1>Done Building Project "H:\workspace\FinalProject\tpsim Visual Studio sln\tpsim\tpsim.vcxproj" (Build target(s)).

Build succeeded.

Time Elapsed 00:00:10.76
